# JRE version: 7.0_21-b11
# Java VM: Java HotSpot(TM) 64-Bit Server VM (23.21-b01 mixed mode linux-amd64 compressed oops)
Heap
 PSYoungGen      total 4800K, used 2284K [0x00000000d9e00000, 0x00000000da350000, 0x0000000100000000)
  eden space 4160K, 39% used [0x00000000d9e00000,0x00000000d9f9f1b0,0x00000000da210000)
  from space 640K, 97% used [0x00000000da2b0000,0x00000000da34c010,0x00000000da350000)
  to   space 640K, 0% used [0x00000000da210000,0x00000000da210000,0x00000000da2b0000)
 ParOldGen       total 10944K, used 2427K [0x000000008da00000, 0x000000008e4b0000, 0x00000000d9e00000)
  object space 10944K, 22% used [0x000000008da00000,0x000000008dc5ee00,0x000000008e4b0000)
 PSPermGen       total 21248K, used 16620K [0x0000000088800000, 0x0000000089cc0000, 0x000000008da00000)
  object space 21248K, 78% used [0x0000000088800000,0x000000008983b2a0,0x0000000089cc0000)
GC Heap History (4 events):
Event: 1.922 GC heap before
{Heap before GC invocations=1 (full 0):
 PSYoungGen      total 4800K, used 4160K [0x00000000d9e00000, 0x00000000da350000, 0x0000000100000000)
  eden space 4160K, 100% used [0x00000000d9e00000,0x00000000da210000,0x00000000da210000)
  from space 640K, 0% used [0x00000000da2b0000,0x00000000da2b0000,0x00000000da350000)
  to   space 640K, 0% used [0x00000000da210000,0x00000000da210000,0x00000000da2b0000)
 ParOldGen       total 10944K, used 0K [0x000000008da00000, 0x000000008e4b0000, 0x00000000d9e00000)
  object space 10944K, 0% used [0x000000008da00000,0x000000008da00000,0x000000008e4b0000)
 PSPermGen       total 21248K, used 11688K [0x0000000088800000, 0x0000000089cc0000, 0x000000008da00000)
  object space 21248K, 55% used [0x0000000088800000,0x000000008936a138,0x0000000089cc0000)
Event: 1.927 GC heap after
Heap after GC invocations=1 (full 0):
 PSYoungGen      total 4800K, used 640K [0x00000000d9e00000, 0x00000000da350000, 0x0000000100000000)
  eden space 4160K, 0% used [0x00000000d9e00000,0x00000000d9e00000,0x00000000da210000)
  from space 640K, 100% used [0x00000000da210000,0x00000000da2b0000,0x00000000da2b0000)
  to   space 640K, 0% used [0x00000000da2b0000,0x00000000da2b0000,0x00000000da350000)
 ParOldGen       total 10944K, used 1403K [0x000000008da00000, 0x000000008e4b0000, 0x00000000d9e00000)
  object space 10944K, 12% used [0x000000008da00000,0x000000008db5efe8,0x000000008e4b0000)
 PSPermGen       total 21248K, used 11688K [0x0000000088800000, 0x0000000089cc0000, 0x000000008da00000)
  object space 21248K, 55% used [0x0000000088800000,0x000000008936a138,0x0000000089cc0000)
}
Event: 2.676 GC heap before
{Heap before GC invocations=2 (full 0):
 PSYoungGen      total 4800K, used 4800K [0x00000000d9e00000, 0x00000000da350000, 0x0000000100000000)
  eden space 4160K, 100% used [0x00000000d9e00000,0x00000000da210000,0x00000000da210000)
  from space 640K, 100% used [0x00000000da210000,0x00000000da2b0000,0x00000000da2b0000)
  to   space 640K, 0% used [0x00000000da2b0000,0x00000000da2b0000,0x00000000da350000)
 ParOldGen       total 10944K, used 1403K [0x000000008da00000, 0x000000008e4b0000, 0x00000000d9e00000)
  object space 10944K, 12% used [0x000000008da00000,0x000000008db5efe8,0x000000008e4b0000)
 PSPermGen       total 21248K, used 14824K [0x0000000088800000, 0x0000000089cc0000, 0x000000008da00000)
  object space 21248K, 69% used [0x0000000088800000,0x000000008967a140,0x0000000089cc0000)
Event: 2.682 GC heap after
Heap after GC invocations=2 (full 0):
 PSYoungGen      total 4800K, used 624K [0x00000000d9e00000, 0x00000000da350000, 0x0000000100000000)
  eden space 4160K, 0% used [0x00000000d9e00000,0x00000000d9e00000,0x00000000da210000)
  from space 640K, 97% used [0x00000000da2b0000,0x00000000da34c010,0x00000000da350000)
  to   space 640K, 0% used [0x00000000da210000,0x00000000da210000,0x00000000da2b0000)
 ParOldGen       total 10944K, used 2427K [0x000000008da00000, 0x000000008e4b0000, 0x00000000d9e00000)
  object space 10944K, 22% used [0x000000008da00000,0x000000008dc5ee00,0x000000008e4b0000)
 PSPermGen       total 21248K, used 14824K [0x0000000088800000, 0x0000000089cc0000, 0x000000008da00000)
  object space 21248K, 69% used [0x0000000088800000,0x000000008967a140,0x0000000089cc0000)
}

